<?xml version="1.0" encoding="UTF-8"?>
<!-- Generated by org.testng.reporters.JUnitXMLReporter -->
<testsuite hostname="DESKTOP-P273D2L" name="sanity" tests="1" failures="1" timestamp="26 Feb 2019 14:31:16 GMT" time="0.035" errors="0">
  <testcase name="f" time="0.013" classname="com.ebay.wipro.testcases.EbayOrders">
    <failure type="java.lang.NullPointerException">
      <![CDATA[java.lang.NullPointerException
	at com.ebay.wipro.utilities.SeleniumUtils.findEleByAccessibilityId(SeleniumUtils.java:93)
	at com.ebay.wipro.testcases.EbayOrders.f(EbayOrders.java:38)
	at java.util.concurrent.ThreadPoolExecutor.runWorker(ThreadPoolExecutor.java:1149)
	at java.util.concurrent.ThreadPoolExecutor$Worker.run(ThreadPoolExecutor.java:624)
	at java.lang.Thread.run(Thread.java:748)
... Removed 10 stack frames]]>
    </failure>
  </testcase> <!-- f -->
</testsuite> <!-- sanity -->
